# JRE version: Java(TM) SE Runtime Environment (7.0_79-b15) (build 1.7.0_79-b15)
# Java VM: Java HotSpot(TM) 64-Bit Server VM (24.79-b02 mixed mode windows-amd64 compressed oops)
Heap
 PSYoungGen      total 259072K, used 178688K [0x00000000eaa80000, 0x0000000100000000, 0x0000000100000000)
  eden space 178688K, 100% used [0x00000000eaa80000,0x00000000f5900000,0x00000000f5900000)
  from space 80384K, 0% used [0x00000000fb180000,0x00000000fb180000,0x0000000100000000)
  to   space 85504K, 13% used [0x00000000f5900000,0x00000000f63ebc48,0x00000000fac80000)
 ParOldGen       total 517632K, used 254925K [0x00000000c0000000, 0x00000000df980000, 0x00000000eaa80000)
  object space 517632K, 49% used [0x00000000c0000000,0x00000000cf8f37d8,0x00000000df980000)
 PSPermGen       total 262144K, used 221854K [0x00000000b0000000, 0x00000000c0000000, 0x00000000c0000000)
  object space 262144K, 84% used [0x00000000b0000000,0x00000000bd8a7968,0x00000000c0000000)
GC Heap History (10 events):
Event: 2750.862 GC heap after
Heap after GC invocations=44 (full 8):
 PSYoungGen      total 262144K, used 48410K [0x00000000eaa80000, 0x00000000ff400000, 0x0000000100000000)
  eden space 188928K, 0% used [0x00000000eaa80000,0x00000000eaa80000,0x00000000f6300000)
  from space 73216K, 66% used [0x00000000fab80000,0x00000000fdac6900,0x00000000ff300000)
  to   space 74240K, 0% used [0x00000000f6300000,0x00000000f6300000,0x00000000fab80000)
 ParOldGen       total 254976K, used 177296K [0x00000000c0000000, 0x00000000cf900000, 0x00000000eaa80000)
  object space 254976K, 69% used [0x00000000c0000000,0x00000000cad242b0,0x00000000cf900000)
 PSPermGen       total 233472K, used 195967K [0x00000000b0000000, 0x00000000be400000, 0x00000000c0000000)
  object space 233472K, 83% used [0x00000000b0000000,0x00000000bbf5fcc0,0x00000000be400000)
}
Event: 2998.200 GC heap before
{Heap before GC invocations=45 (full 8):
 PSYoungGen      total 262144K, used 237338K [0x00000000eaa80000, 0x00000000ff400000, 0x0000000100000000)
  eden space 188928K, 100% used [0x00000000eaa80000,0x00000000f6300000,0x00000000f6300000)
  from space 73216K, 66% used [0x00000000fab80000,0x00000000fdac6900,0x00000000ff300000)
  to   space 74240K, 0% used [0x00000000f6300000,0x00000000f6300000,0x00000000fab80000)
 ParOldGen       total 254976K, used 177296K [0x00000000c0000000, 0x00000000cf900000, 0x00000000eaa80000)
  object space 254976K, 69% used [0x00000000c0000000,0x00000000cad242b0,0x00000000cf900000)
 PSPermGen       total 233472K, used 204403K [0x00000000b0000000, 0x00000000be400000, 0x00000000c0000000)
  object space 233472K, 87% used [0x00000000b0000000,0x00000000bc79ce78,0x00000000be400000)
Event: 2998.263 GC heap after
Heap after GC invocations=45 (full 8):
 PSYoungGen      total 263168K, used 64244K [0x00000000eaa80000, 0x0000000100000000, 0x0000000100000000)
  eden space 188928K, 0% used [0x00000000eaa80000,0x00000000eaa80000,0x00000000f6300000)
  from space 74240K, 86% used [0x00000000f6300000,0x00000000fa1bd338,0x00000000fab80000)
  to   space 80384K, 0% used [0x00000000fb180000,0x00000000fb180000,0x0000000100000000)
 ParOldGen       total 254976K, used 177296K [0x00000000c0000000, 0x00000000cf900000, 0x00000000eaa80000)
  object space 254976K, 69% used [0x00000000c0000000,0x00000000cad242b0,0x00000000cf900000)
 PSPermGen       total 233472K, used 204403K [0x00000000b0000000, 0x00000000be400000, 0x00000000c0000000)
  object space 233472K, 87% used [0x00000000b0000000,0x00000000bc79ce78,0x00000000be400000)
}
Event: 2999.159 GC heap before
{Heap before GC invocations=46 (full 8):
 PSYoungGen      total 263168K, used 164113K [0x00000000eaa80000, 0x0000000100000000, 0x0000000100000000)
  eden space 188928K, 52% used [0x00000000eaa80000,0x00000000f0c074a8,0x00000000f6300000)
  from space 74240K, 86% used [0x00000000f6300000,0x00000000fa1bd338,0x00000000fab80000)
  to   space 80384K, 0% used [0x00000000fb180000,0x00000000fb180000,0x0000000100000000)
 ParOldGen       total 254976K, used 177296K [0x00000000c0000000, 0x00000000cf900000, 0x00000000eaa80000)
  object space 254976K, 69% used [0x00000000c0000000,0x00000000cad242b0,0x00000000cf900000)
 PSPermGen       total 233472K, used 205953K [0x00000000b0000000, 0x00000000be400000, 0x00000000c0000000)
  object space 233472K, 88% used [0x00000000b0000000,0x00000000bc9206d8,0x00000000be400000)
Event: 2999.222 GC heap after
Heap after GC invocations=46 (full 8):
 PSYoungGen      total 259072K, used 65064K [0x00000000eaa80000, 0x0000000100000000, 0x0000000100000000)
  eden space 178688K, 0% used [0x00000000eaa80000,0x00000000eaa80000,0x00000000f5900000)
  from space 80384K, 80% used [0x00000000fb180000,0x00000000ff10a1d8,0x0000000100000000)
  to   space 85504K, 0% used [0x00000000f5900000,0x00000000f5900000,0x00000000fac80000)
 ParOldGen       total 254976K, used 177296K [0x00000000c0000000, 0x00000000cf900000, 0x00000000eaa80000)
  object space 254976K, 69% used [0x00000000c0000000,0x00000000cad242b0,0x00000000cf900000)
 PSPermGen       total 233472K, used 205953K [0x00000000b0000000, 0x00000000be400000, 0x00000000c0000000)
  object space 233472K, 88% used [0x00000000b0000000,0x00000000bc9206d8,0x00000000be400000)
}
Event: 2999.222 GC heap before
{Heap before GC invocations=47 (full 9):
 PSYoungGen      total 259072K, used 65064K [0x00000000eaa80000, 0x0000000100000000, 0x0000000100000000)
  eden space 178688K, 0% used [0x00000000eaa80000,0x00000000eaa80000,0x00000000f5900000)
  from space 80384K, 80% used [0x00000000fb180000,0x00000000ff10a1d8,0x0000000100000000)
  to   space 85504K, 0% used [0x00000000f5900000,0x00000000f5900000,0x00000000fac80000)
 ParOldGen       total 254976K, used 177296K [0x00000000c0000000, 0x00000000cf900000, 0x00000000eaa80000)
  object space 254976K, 69% used [0x00000000c0000000,0x00000000cad242b0,0x00000000cf900000)
 PSPermGen       total 233472K, used 205953K [0x00000000b0000000, 0x00000000be400000, 0x00000000c0000000)
  object space 233472K, 88% used [0x00000000b0000000,0x00000000bc9206d8,0x00000000be400000)
Event: 3000.358 GC heap after
Heap after GC invocations=47 (full 9):
 PSYoungGen      total 259072K, used 0K [0x00000000eaa80000, 0x0000000100000000, 0x0000000100000000)
  eden space 178688K, 0% used [0x00000000eaa80000,0x00000000eaa80000,0x00000000f5900000)
  from space 80384K, 0% used [0x00000000fb180000,0x00000000fb180000,0x0000000100000000)
  to   space 85504K, 0% used [0x00000000f5900000,0x00000000f5900000,0x00000000fac80000)
 ParOldGen       total 254976K, used 241032K [0x00000000c0000000, 0x00000000cf900000, 0x00000000eaa80000)
  object space 254976K, 94% used [0x00000000c0000000,0x00000000ceb62250,0x00000000cf900000)
 PSPermGen       total 262144K, used 205931K [0x00000000b0000000, 0x00000000c0000000, 0x00000000c0000000)
  object space 262144K, 78% used [0x00000000b0000000,0x00000000bc91ac18,0x00000000c0000000)
}
Event: 3042.676 GC heap before
{Heap before GC invocations=48 (full 10):
 PSYoungGen      total 259072K, used 178688K [0x00000000eaa80000, 0x0000000100000000, 0x0000000100000000)
  eden space 178688K, 100% used [0x00000000eaa80000,0x00000000f5900000,0x00000000f5900000)
  from space 80384K, 0% used [0x00000000fb180000,0x00000000fb180000,0x0000000100000000)
  to   space 85504K, 0% used [0x00000000f5900000,0x00000000f5900000,0x00000000fac80000)
 ParOldGen       total 254976K, used 241032K [0x00000000c0000000, 0x00000000cf900000, 0x00000000eaa80000)
  object space 254976K, 94% used [0x00000000c0000000,0x00000000ceb62250,0x00000000cf900000)
 PSPermGen       total 262144K, used 214260K [0x00000000b0000000, 0x00000000c0000000, 0x00000000c0000000)
  object space 262144K, 81% used [0x00000000b0000000,0x00000000bd13d180,0x00000000c0000000)
Event: 3043.779 GC heap after
Heap after GC invocations=48 (full 10):
 PSYoungGen      total 259072K, used 10158K [0x00000000eaa80000, 0x0000000100000000, 0x0000000100000000)
  eden space 178688K, 5% used [0x00000000eaa80000,0x00000000eb46ba30,0x00000000f5900000)
  from space 80384K, 0% used [0x00000000fb180000,0x00000000fb180000,0x0000000100000000)
  to   space 85504K, 0% used [0x00000000f5900000,0x00000000f5900000,0x00000000fac80000)
 ParOldGen       total 517632K, used 254925K [0x00000000c0000000, 0x00000000df980000, 0x00000000eaa80000)
  object space 517632K, 49% used [0x00000000c0000000,0x00000000cf8f37d8,0x00000000df980000)
 PSPermGen       total 262144K, used 214254K [0x00000000b0000000, 0x00000000c0000000, 0x00000000c0000000)
  object space 262144K, 81% used [0x00000000b0000000,0x00000000bd13bb38,0x00000000c0000000)
}
Event: 3111.048 GC heap before
{Heap before GC invocations=49 (full 10):
 PSYoungGen      total 259072K, used 178688K [0x00000000eaa80000, 0x0000000100000000, 0x0000000100000000)
  eden space 178688K, 100% used [0x00000000eaa80000,0x00000000f5900000,0x00000000f5900000)
  from space 80384K, 0% used [0x00000000fb180000,0x00000000fb180000,0x0000000100000000)
  to   space 85504K, 0% used [0x00000000f5900000,0x00000000f5900000,0x00000000fac80000)
 ParOldGen       total 517632K, used 254925K [0x00000000c0000000, 0x00000000df980000, 0x00000000eaa80000)
  object space 517632K, 49% used [0x00000000c0000000,0x00000000cf8f37d8,0x00000000df980000)
 PSPermGen       total 262144K, used 221854K [0x00000000b0000000, 0x00000000c0000000, 0x00000000c0000000)
  object space 262144K, 84% used [0x00000000b0000000,0x00000000bd8a7968,0x00000000c0000000)

